<?xml version="1.0" encoding="UTF-8"?>
<!-- Generated by org.testng.reporters.JUnitXMLReporter -->
<testsuite ignored="0" hostname="DESKTOP-FSQ4VCD" failures="0" tests="3" name="Default test" time="0.15" errors="0" timestamp="2022-01-29T19:34:01 IST">
  <testcase classname="TesClass.TestNG" name="@BeforeTest launchBrowser" time="-1.643465041068E9">
    <failure type="org.testng.TestNGException" message="
Parameter &amp;apos;browser&amp;apos; is required by BeforeTest on method launchBrowser but has not been marked @Optional or defined
in C:\Users\hp\AppData\Local\Temp\testng-eclipse-1776684446\testng-customsuite.xml">
      <![CDATA[org.testng.TestNGException: 
Parameter 'browser' is required by BeforeTest on method launchBrowser but has not been marked @Optional or defined
in C:\Users\hp\AppData\Local\Temp\testng-eclipse-1776684446\testng-customsuite.xml
at org.testng.internal.Parameters.createParams(Parameters.java:268)
at org.testng.internal.Parameters.createParametersForMethod(Parameters.java:356)
at org.testng.internal.Parameters.createParameters(Parameters.java:700)
at org.testng.internal.Parameters.createConfigurationParameters(Parameters.java:166)
at org.testng.internal.ConfigInvoker.invokeConfigurations(ConfigInvoker.java:301)
at org.testng.TestRunner.invokeTestConfigurations(TestRunner.java:617)
at org.testng.TestRunner.beforeRun(TestRunner.java:607)
at org.testng.TestRunner.run(TestRunner.java:578)
at org.testng.SuiteRunner.runTest(SuiteRunner.java:384)
at org.testng.SuiteRunner.runSequentially(SuiteRunner.java:378)
at org.testng.SuiteRunner.privateRun(SuiteRunner.java:337)
at org.testng.SuiteRunner.run(SuiteRunner.java:286)
at org.testng.SuiteRunnerWorker.runSuite(SuiteRunnerWorker.java:53)
at org.testng.SuiteRunnerWorker.run(SuiteRunnerWorker.java:96)
at org.testng.TestNG.runSuitesSequentially(TestNG.java:1218)
at org.testng.TestNG.runSuitesLocally(TestNG.java:1140)
at org.testng.TestNG.runSuites(TestNG.java:1069)
at org.testng.TestNG.run(TestNG.java:1037)
at org.testng.remote.AbstractRemoteTestNG.run(AbstractRemoteTestNG.java:115)
at org.testng.remote.RemoteTestNG.initAndRun(RemoteTestNG.java:251)
at org.testng.remote.RemoteTestNG.main(RemoteTestNG.java:77)
]]>
    </failure>
  </testcase> <!-- @BeforeTest launchBrowser -->
  <testcase classname="TesClass.TestNG" name="@BeforeClass initializePomClasses" time="-1.64346504114E9">
    <skipped/>
  </testcase> <!-- @BeforeClass initializePomClasses -->
  <testcase classname="TesClass.TestNG" name="@BeforeMethod loginActitime" time="-1.643465041164E9">
    <skipped/>
  </testcase> <!-- @BeforeMethod loginActitime -->
  <testcase classname="TesClass.TestNG" name="@AfterMethod afterMethod" time="-1.643465041173E9">
    <skipped/>
  </testcase> <!-- @AfterMethod afterMethod -->
  <testcase classname="TesClass.TestNG" name="@BeforeMethod loginActitime" time="-1.643465041177E9">
    <skipped/>
  </testcase> <!-- @BeforeMethod loginActitime -->
  <testcase classname="TesClass.TestNG" name="@AfterMethod afterMethod" time="-1.643465041188E9">
    <skipped/>
  </testcase> <!-- @AfterMethod afterMethod -->
  <testcase classname="TesClass.TestNG" name="@BeforeMethod loginActitime" time="-1.643465041189E9">
    <skipped/>
  </testcase> <!-- @BeforeMethod loginActitime -->
  <testcase classname="TesClass.TestNG" name="@AfterMethod afterMethod" time="-1.643465041195E9">
    <skipped/>
  </testcase> <!-- @AfterMethod afterMethod -->
  <testcase classname="TesClass.TestNG" name="@AfterClass clearObjects" time="-1.643465041198E9">
    <skipped/>
  </testcase> <!-- @AfterClass clearObjects -->
  <testcase classname="TesClass.TestNG" name="@AfterTest closeBrowser" time="-1.643465041209E9">
    <skipped/>
  </testcase> <!-- @AfterTest closeBrowser -->
  <testcase classname="TesClass.TestNG" name="toverifyreporttab" time="0.0">
    <skipped/>
  </testcase> <!-- toverifyreporttab -->
  <testcase classname="TesClass.TestNG" name="toverifytasktab" time="0.0">
    <skipped/>
  </testcase> <!-- toverifytasktab -->
  <testcase classname="TesClass.TestNG" name="toverifyusertab" time="0.0">
    <skipped/>
  </testcase> <!-- toverifyusertab -->
</testsuite> <!-- Default test -->
